{"/Users/boraelci/osd/review-master/src/App.tsx": {"path":"/Users/boraelci/osd/review-master/src/App.tsx","statementMap":{"0":{"start":{"line":5,"column":2},"end":{"line":12,"column":4}}},"fnMap":{"0":{"name":"App","decl":{"start":{"line":4,"column":9},"end":{"line":4,"column":12}},"loc":{"start":{"line":4,"column":15},"end":{"line":13,"column":1}},"line":4}},"branchMap":{},"s":{"0":1},"f":{"0":1},"b":{},"_coverageSchema":"1a1c01bbd47fc00a2c39e90264f33305004495a9","hash":"eddee4bf48e90ee2e1c5be075e0d83b0ff956a83"}
,"/Users/boraelci/osd/review-master/src/index.tsx": {"path":"/Users/boraelci/osd/review-master/src/index.tsx","statementMap":{"0":{"start":{"line":6,"column":13},"end":{"line":8,"column":1}},"1":{"start":{"line":9,"column":0},"end":{"line":13,"column":2}}},"fnMap":{},"branchMap":{},"s":{"0":0,"1":0},"f":{},"b":{}}
,"/Users/boraelci/osd/review-master/src/views/CategoricalView.tsx": {"path":"/Users/boraelci/osd/review-master/src/views/CategoricalView.tsx","statementMap":{"0":{"start":{"line":17,"column":0},"end":{"line":25,"column":2}},"1":{"start":{"line":28,"column":23},"end":{"line":39,"column":3}},"2":{"start":{"line":41,"column":34},"end":{"line":47,"column":3}},"3":{"start":{"line":49,"column":34},"end":{"line":55,"column":3}},"4":{"start":{"line":57,"column":15},"end":{"line":75,"column":3}},"5":{"start":{"line":77,"column":2},"end":{"line":77,"column":49}}},"fnMap":{"0":{"name":"CategoricalView","decl":{"start":{"line":27,"column":16},"end":{"line":27,"column":31}},"loc":{"start":{"line":27,"column":61},"end":{"line":78,"column":1}},"line":27}},"branchMap":{},"s":{"0":1,"1":1,"2":1,"3":1,"4":1,"5":1},"f":{"0":1},"b":{},"_coverageSchema":"1a1c01bbd47fc00a2c39e90264f33305004495a9","hash":"52c708c5ace89aa5e5a455914fbefb6818b893c6"}
,"/Users/boraelci/osd/review-master/src/views/HistoricalView.tsx": {"path":"/Users/boraelci/osd/review-master/src/views/HistoricalView.tsx","statementMap":{"0":{"start":{"line":13,"column":0},"end":{"line":21,"column":2}},"1":{"start":{"line":28,"column":23},"end":{"line":39,"column":3}},"2":{"start":{"line":41,"column":17},"end":{"line":49,"column":3}},"3":{"start":{"line":51,"column":36},"end":{"line":59,"column":3}},"4":{"start":{"line":61,"column":36},"end":{"line":69,"column":3}},"5":{"start":{"line":71,"column":20},"end":{"line":87,"column":3}},"6":{"start":{"line":89,"column":2},"end":{"line":89,"column":48}}},"fnMap":{"0":{"name":"HistoricalView","decl":{"start":{"line":27,"column":16},"end":{"line":27,"column":30}},"loc":{"start":{"line":27,"column":59},"end":{"line":90,"column":1}},"line":27}},"branchMap":{},"s":{"0":1,"1":1,"2":1,"3":1,"4":1,"5":1,"6":1},"f":{"0":1},"b":{},"_coverageSchema":"1a1c01bbd47fc00a2c39e90264f33305004495a9","hash":"e9107ee3d5a9ef62f99e43e4f4b32140df3836a0"}
,"/Users/boraelci/osd/review-master/src/views/index.tsx": {"path":"/Users/boraelci/osd/review-master/src/views/index.tsx","statementMap":{},"fnMap":{},"branchMap":{},"s":{},"f":{},"b":{},"_coverageSchema":"1a1c01bbd47fc00a2c39e90264f33305004495a9","hash":"2efccfed0fe6231e2e84d6d618ab37cb42352d1d"}
}
