TN:
SF:src/App.tsx
FN:4,App
FNF:1
FNH:1
FNDA:1,App
DA:5,1
LF:1
LH:1
BRF:0
BRH:0
end_of_record
TN:
SF:src/index.tsx
FNF:0
FNH:0
DA:6,0
DA:9,0
LF:2
LH:0
BRF:0
BRH:0
end_of_record
TN:
SF:src/views/CategoricalView.tsx
FN:27,CategoricalView
FNF:1
FNH:1
FNDA:1,CategoricalView
DA:17,1
DA:28,1
DA:41,1
DA:49,1
DA:57,1
DA:77,1
LF:6
LH:6
BRF:0
BRH:0
end_of_record
TN:
SF:src/views/HistoricalView.tsx
FN:27,HistoricalView
FNF:1
FNH:1
FNDA:1,HistoricalView
DA:13,1
DA:28,1
DA:41,1
DA:51,1
DA:61,1
DA:71,1
DA:89,1
LF:7
LH:7
BRF:0
BRH:0
end_of_record
TN:
SF:src/views/index.tsx
FNF:0
FNH:0
LF:0
LH:0
BRF:0
BRH:0
end_of_record
